<?xml version="1.0" encoding="UTF-8"?>
<!-- Generated by org.testng.reporters.JUnitReportReporter -->
<testsuite hostname="LAPTOP-DRQRVLH8" failures="0" tests="4" name="Test.ToVerify_Shopping_FunctionallityTestNG" time="543.920" errors="0" timestamp="2022-10-21T22:29:50 IST" skipped="0">
  <testcase classname="Test.ToVerify_Shopping_FunctionallityTestNG" name="toVerifyMobileBuynowbutton" time="189.737"/>
  <system-out/>
  <testcase classname="Test.ToVerify_Shopping_FunctionallityTestNG" name="toVerifyMobileBuynowbutton" time="69.519"/>
  <system-out/>
  <testcase classname="Test.ToVerify_Shopping_FunctionallityTestNG" name="toVerifyAirdopesAddToCart" time="54.217"/>
  <system-out/>
  <testcase classname="Test.ToVerify_Shopping_FunctionallityTestNG" name="toVerifyAirdopesAddToCart" time="230.447"/>
  <system-out/>
</testsuite> <!-- Test.ToVerify_Shopping_FunctionallityTestNG -->
