<?xml version="1.0" encoding="UTF-8"?>
<!-- Generated by org.testng.reporters.JUnitReportReporter -->
<testsuite hostname="LAPTOP-DRQRVLH8" failures="0" tests="3" name="Test.TestClass" time="0.014" errors="0" timestamp="2022-07-12T00:09:56 IST" skipped="0">
  <testcase classname="Test.TestClass" name="testA" time="0.007"/>
  <system-out/>
  <testcase classname="Test.TestClass" name="testB" time="0.004"/>
  <system-out/>
  <testcase classname="Test.TestClass" name="testC" time="0.003"/>
  <system-out/>
</testsuite> <!-- Test.TestClass -->
