<?xml version="1.0" encoding="UTF-8"?>
<!-- Generated by org.testng.reporters.JUnitReportReporter -->
<testsuite hostname="LAPTOP-DRQRVLH8" failures="0" tests="6" name="Pack123.TestClass" time="0.016" errors="0" timestamp="2022-10-14T20:13:18 IST" skipped="0">
  <testcase classname="Pack123.TestClass" name="testA" time="0.007"/>
  <system-out/>
  <testcase classname="Pack123.TestClass" name="testA" time="0.001"/>
  <system-out/>
  <testcase classname="Pack123.TestClass" name="testB" time="0.002"/>
  <system-out/>
  <testcase classname="Pack123.TestClass" name="testB" time="0.002"/>
  <system-out/>
  <testcase classname="Pack123.TestClass" name="testC" time="0.003"/>
  <system-out/>
  <testcase classname="Pack123.TestClass" name="testC" time="0.001"/>
  <system-out/>
</testsuite> <!-- Pack123.TestClass -->
