<?xml version="1.0" encoding="UTF-8"?>
<!-- Generated by org.testng.reporters.JUnitReportReporter -->
<testsuite hostname="LAPTOP-DRQRVLH8" failures="0" tests="3" name="Test.TestNGClass" time="429.002" errors="0" timestamp="2022-07-20T22:43:16 IST" skipped="0">
  <testcase classname="Test.TestNGClass" name="testA" time="209.620"/>
  <system-out/>
  <testcase classname="Test.TestNGClass" name="testB" time="171.600"/>
  <system-out/>
  <testcase classname="Test.TestNGClass" name="testC" time="47.782"/>
  <system-out/>
</testsuite> <!-- Test.TestNGClass -->
