<?xml version="1.0" encoding="UTF-8"?>
<!-- Generated by org.testng.reporters.JUnitReportReporter -->
<testsuite hostname="LAPTOP-DRQRVLH8" failures="0" tests="2" name="Test.ToVerify_FunctionallityTestNG01" time="224.954" errors="0" timestamp="2022-10-21T22:29:50 IST" skipped="0">
  <testcase classname="Test.ToVerify_FunctionallityTestNG01" name="toVerifyFashionPage" time="54.332"/>
  <system-out/>
  <testcase classname="Test.ToVerify_FunctionallityTestNG01" name="toVerifyFashionPage" time="170.622"/>
  <system-out/>
</testsuite> <!-- Test.ToVerify_FunctionallityTestNG01 -->
